2024-08-04 17:38:49.9838||||Microsoft.Hosting.Lifetime|INFO|Application started. Press Ctrl+C to shut down. 
2024-08-04 17:38:50.0054||||Microsoft.Hosting.Lifetime|INFO|Hosting environment: Development 
2024-08-04 17:38:50.0054||||Microsoft.Hosting.Lifetime|INFO|Content root path: C:\Users\smskm\source\repos\ToDoListApplication 
2024-08-04 17:39:48.3134|Default|00-9cc0bdc82b866801d5ae4ec085e9b4d0-b95b53b80e861578-00|1|Microsoft.AspNetCore.Diagnostics.DeveloperExceptionPageMiddleware|ERROR|An unhandled exception has occurred while executing the request. Microsoft.AspNetCore.Routing.Matching.AmbiguousMatchException: The request matched multiple endpoints. Matches: 

ToDoModule.Controllers.HomeController.Index (ToDoListApplication)
OrchardCore.TheTheme.Controllers.HomeController.Index (TheTheme)
   at Microsoft.AspNetCore.Routing.Matching.DefaultEndpointSelector.ReportAmbiguity(Span`1 candidateState)
   at Microsoft.AspNetCore.Routing.Matching.DefaultEndpointSelector.ProcessFinalCandidates(HttpContext httpContext, Span`1 candidateState)
   at Microsoft.AspNetCore.Routing.Matching.DefaultEndpointSelector.Select(HttpContext httpContext, Span`1 candidateState)
   at Microsoft.AspNetCore.Routing.Matching.DefaultEndpointSelector.SelectAsync(HttpContext httpContext, CandidateSet candidateSet)
   at Microsoft.AspNetCore.Routing.Matching.DfaMatcher.SelectEndpointWithPoliciesAsync(HttpContext httpContext, IEndpointSelectorPolicy[] policies, CandidateSet candidateSet)
   at Microsoft.AspNetCore.Routing.EndpointRoutingMiddleware.<Invoke>g__AwaitMatch|10_1(EndpointRoutingMiddleware middleware, HttpContext httpContext, Task matchTask)
   at OrchardCore.Diagnostics.DiagnosticsStartupFilter.<>c__DisplayClass3_0.<<Configure>b__1>d.MoveNext()
--- End of stack trace from previous location ---
   at Microsoft.AspNetCore.Diagnostics.StatusCodePagesMiddleware.Invoke(HttpContext context)
   at OrchardCore.Modules.ModularTenantRouterMiddleware.Invoke(HttpContext httpContext)
   at OrchardCore.Modules.ModularTenantContainerMiddleware.<>c__DisplayClass4_0.<<Invoke>b__0>d.MoveNext()
--- End of stack trace from previous location ---
   at OrchardCore.Environment.Shell.Scope.ShellScope.UsingAsync(Func`2 execute, Boolean activateShell)
   at OrchardCore.Environment.Shell.Scope.ShellScope.UsingAsync(Func`2 execute, Boolean activateShell)
   at OrchardCore.Environment.Shell.Scope.ShellScope.UsingAsync(Func`2 execute, Boolean activateShell)
   at OrchardCore.Environment.Shell.Scope.ShellScope.UsingAsync(Func`2 execute, Boolean activateShell)
   at OrchardCore.Environment.Shell.Scope.ShellScope.UsingAsync(Func`2 execute, Boolean activateShell)
   at OrchardCore.Modules.ModularTenantContainerMiddleware.Invoke(HttpContext httpContext)
   at Microsoft.AspNetCore.Authorization.AuthorizationMiddleware.Invoke(HttpContext context)
   at Microsoft.AspNetCore.Authentication.AuthenticationMiddleware.Invoke(HttpContext context)
   at Microsoft.AspNetCore.Diagnostics.DeveloperExceptionPageMiddlewareImpl.Invoke(HttpContext context)    at Microsoft.AspNetCore.Routing.Matching.DefaultEndpointSelector.ReportAmbiguity(Span`1 candidateState)
   at Microsoft.AspNetCore.Routing.Matching.DefaultEndpointSelector.ProcessFinalCandidates(HttpContext httpContext, Span`1 candidateState)
   at Microsoft.AspNetCore.Routing.Matching.DefaultEndpointSelector.Select(HttpContext httpContext, Span`1 candidateState)
   at Microsoft.AspNetCore.Routing.Matching.DefaultEndpointSelector.SelectAsync(HttpContext httpContext, CandidateSet candidateSet)
   at Microsoft.AspNetCore.Routing.Matching.DfaMatcher.SelectEndpointWithPoliciesAsync(HttpContext httpContext, IEndpointSelectorPolicy[] policies, CandidateSet candidateSet)
   at Microsoft.AspNetCore.Routing.EndpointRoutingMiddleware.<Invoke>g__AwaitMatch|10_1(EndpointRoutingMiddleware middleware, HttpContext httpContext, Task matchTask)
   at OrchardCore.Diagnostics.DiagnosticsStartupFilter.<>c__DisplayClass3_0.<<Configure>b__1>d.MoveNext()
--- End of stack trace from previous location ---
   at Microsoft.AspNetCore.Diagnostics.StatusCodePagesMiddleware.Invoke(HttpContext context)
   at OrchardCore.Modules.ModularTenantRouterMiddleware.Invoke(HttpContext httpContext)
   at OrchardCore.Modules.ModularTenantContainerMiddleware.<>c__DisplayClass4_0.<<Invoke>b__0>d.MoveNext()
--- End of stack trace from previous location ---
   at OrchardCore.Environment.Shell.Scope.ShellScope.UsingAsync(Func`2 execute, Boolean activateShell)
   at OrchardCore.Environment.Shell.Scope.ShellScope.UsingAsync(Func`2 execute, Boolean activateShell)
   at OrchardCore.Environment.Shell.Scope.ShellScope.UsingAsync(Func`2 execute, Boolean activateShell)
   at OrchardCore.Environment.Shell.Scope.ShellScope.UsingAsync(Func`2 execute, Boolean activateShell)
   at OrchardCore.Environment.Shell.Scope.ShellScope.UsingAsync(Func`2 execute, Boolean activateShell)
   at OrchardCore.Modules.ModularTenantContainerMiddleware.Invoke(HttpContext httpContext)
   at Microsoft.AspNetCore.Authorization.AuthorizationMiddleware.Invoke(HttpContext context)
   at Microsoft.AspNetCore.Authentication.AuthenticationMiddleware.Invoke(HttpContext context)
   at Microsoft.AspNetCore.Diagnostics.DeveloperExceptionPageMiddlewareImpl.Invoke(HttpContext context)
2024-08-04 17:42:01.6703||||Microsoft.Hosting.Lifetime|INFO|Application started. Press Ctrl+C to shut down. 
2024-08-04 17:42:01.7267||||Microsoft.Hosting.Lifetime|INFO|Hosting environment: Development 
2024-08-04 17:42:01.7267||||Microsoft.Hosting.Lifetime|INFO|Content root path: C:\Users\smskm\source\repos\ToDoListApplication 
2024-08-04 17:42:02.9059|Default|00-812c1c2d6ebf81c7af93328951dc4c72-e4429249c4865f02-00|1|Microsoft.AspNetCore.Diagnostics.DeveloperExceptionPageMiddleware|ERROR|An unhandled exception has occurred while executing the request. Microsoft.AspNetCore.Routing.Matching.AmbiguousMatchException: The request matched multiple endpoints. Matches: 

ToDoModule.Controllers.HomeController.Index (ToDoListApplication)
OrchardCore.TheTheme.Controllers.HomeController.Index (TheTheme)
   at Microsoft.AspNetCore.Routing.Matching.DefaultEndpointSelector.ReportAmbiguity(Span`1 candidateState)
   at Microsoft.AspNetCore.Routing.Matching.DefaultEndpointSelector.ProcessFinalCandidates(HttpContext httpContext, Span`1 candidateState)
   at Microsoft.AspNetCore.Routing.Matching.DefaultEndpointSelector.Select(HttpContext httpContext, Span`1 candidateState)
   at Microsoft.AspNetCore.Routing.Matching.DefaultEndpointSelector.SelectAsync(HttpContext httpContext, CandidateSet candidateSet)
   at Microsoft.AspNetCore.Routing.Matching.DfaMatcher.SelectEndpointWithPoliciesAsync(HttpContext httpContext, IEndpointSelectorPolicy[] policies, CandidateSet candidateSet)
   at Microsoft.AspNetCore.Routing.EndpointRoutingMiddleware.<Invoke>g__AwaitMatch|10_1(EndpointRoutingMiddleware middleware, HttpContext httpContext, Task matchTask)
   at OrchardCore.Diagnostics.DiagnosticsStartupFilter.<>c__DisplayClass3_0.<<Configure>b__1>d.MoveNext()
--- End of stack trace from previous location ---
   at Microsoft.AspNetCore.Diagnostics.StatusCodePagesMiddleware.Invoke(HttpContext context)
   at OrchardCore.Modules.ModularTenantRouterMiddleware.Invoke(HttpContext httpContext)
   at OrchardCore.Modules.ModularTenantContainerMiddleware.<>c__DisplayClass4_0.<<Invoke>b__0>d.MoveNext()
--- End of stack trace from previous location ---
   at OrchardCore.Environment.Shell.Scope.ShellScope.UsingAsync(Func`2 execute, Boolean activateShell)
   at OrchardCore.Environment.Shell.Scope.ShellScope.UsingAsync(Func`2 execute, Boolean activateShell)
   at OrchardCore.Environment.Shell.Scope.ShellScope.UsingAsync(Func`2 execute, Boolean activateShell)
   at OrchardCore.Environment.Shell.Scope.ShellScope.UsingAsync(Func`2 execute, Boolean activateShell)
   at OrchardCore.Environment.Shell.Scope.ShellScope.UsingAsync(Func`2 execute, Boolean activateShell)
   at OrchardCore.Modules.ModularTenantContainerMiddleware.Invoke(HttpContext httpContext)
   at Microsoft.AspNetCore.Authorization.AuthorizationMiddleware.Invoke(HttpContext context)
   at Microsoft.AspNetCore.Authentication.AuthenticationMiddleware.Invoke(HttpContext context)
   at Microsoft.AspNetCore.Diagnostics.DeveloperExceptionPageMiddlewareImpl.Invoke(HttpContext context)    at Microsoft.AspNetCore.Routing.Matching.DefaultEndpointSelector.ReportAmbiguity(Span`1 candidateState)
   at Microsoft.AspNetCore.Routing.Matching.DefaultEndpointSelector.ProcessFinalCandidates(HttpContext httpContext, Span`1 candidateState)
   at Microsoft.AspNetCore.Routing.Matching.DefaultEndpointSelector.Select(HttpContext httpContext, Span`1 candidateState)
   at Microsoft.AspNetCore.Routing.Matching.DefaultEndpointSelector.SelectAsync(HttpContext httpContext, CandidateSet candidateSet)
   at Microsoft.AspNetCore.Routing.Matching.DfaMatcher.SelectEndpointWithPoliciesAsync(HttpContext httpContext, IEndpointSelectorPolicy[] policies, CandidateSet candidateSet)
   at Microsoft.AspNetCore.Routing.EndpointRoutingMiddleware.<Invoke>g__AwaitMatch|10_1(EndpointRoutingMiddleware middleware, HttpContext httpContext, Task matchTask)
   at OrchardCore.Diagnostics.DiagnosticsStartupFilter.<>c__DisplayClass3_0.<<Configure>b__1>d.MoveNext()
--- End of stack trace from previous location ---
   at Microsoft.AspNetCore.Diagnostics.StatusCodePagesMiddleware.Invoke(HttpContext context)
   at OrchardCore.Modules.ModularTenantRouterMiddleware.Invoke(HttpContext httpContext)
   at OrchardCore.Modules.ModularTenantContainerMiddleware.<>c__DisplayClass4_0.<<Invoke>b__0>d.MoveNext()
--- End of stack trace from previous location ---
   at OrchardCore.Environment.Shell.Scope.ShellScope.UsingAsync(Func`2 execute, Boolean activateShell)
   at OrchardCore.Environment.Shell.Scope.ShellScope.UsingAsync(Func`2 execute, Boolean activateShell)
   at OrchardCore.Environment.Shell.Scope.ShellScope.UsingAsync(Func`2 execute, Boolean activateShell)
   at OrchardCore.Environment.Shell.Scope.ShellScope.UsingAsync(Func`2 execute, Boolean activateShell)
   at OrchardCore.Environment.Shell.Scope.ShellScope.UsingAsync(Func`2 execute, Boolean activateShell)
   at OrchardCore.Modules.ModularTenantContainerMiddleware.Invoke(HttpContext httpContext)
   at Microsoft.AspNetCore.Authorization.AuthorizationMiddleware.Invoke(HttpContext context)
   at Microsoft.AspNetCore.Authentication.AuthenticationMiddleware.Invoke(HttpContext context)
   at Microsoft.AspNetCore.Diagnostics.DeveloperExceptionPageMiddlewareImpl.Invoke(HttpContext context)
2024-08-04 17:44:37.2115||||Microsoft.Hosting.Lifetime|INFO|Application started. Press Ctrl+C to shut down. 
2024-08-04 17:44:37.2376||||Microsoft.Hosting.Lifetime|INFO|Hosting environment: Development 
2024-08-04 17:44:37.2376||||Microsoft.Hosting.Lifetime|INFO|Content root path: C:\Users\smskm\source\repos\ToDoListApplication 
2024-08-04 17:44:38.2653|Default|00-bb0644ff6ef329b3512702f0d79671d9-c252c9b08f6cb0c2-00|1|Microsoft.AspNetCore.Diagnostics.DeveloperExceptionPageMiddleware|ERROR|An unhandled exception has occurred while executing the request. Microsoft.AspNetCore.Routing.Matching.AmbiguousMatchException: The request matched multiple endpoints. Matches: 

ToDoModule.Controllers.HomeController.Index (ToDoListApplication)
OrchardCore.TheTheme.Controllers.HomeController.Index (TheTheme)
   at Microsoft.AspNetCore.Routing.Matching.DefaultEndpointSelector.ReportAmbiguity(Span`1 candidateState)
   at Microsoft.AspNetCore.Routing.Matching.DefaultEndpointSelector.ProcessFinalCandidates(HttpContext httpContext, Span`1 candidateState)
   at Microsoft.AspNetCore.Routing.Matching.DefaultEndpointSelector.Select(HttpContext httpContext, Span`1 candidateState)
   at Microsoft.AspNetCore.Routing.Matching.DefaultEndpointSelector.SelectAsync(HttpContext httpContext, CandidateSet candidateSet)
   at Microsoft.AspNetCore.Routing.Matching.DfaMatcher.SelectEndpointWithPoliciesAsync(HttpContext httpContext, IEndpointSelectorPolicy[] policies, CandidateSet candidateSet)
   at Microsoft.AspNetCore.Routing.EndpointRoutingMiddleware.<Invoke>g__AwaitMatch|10_1(EndpointRoutingMiddleware middleware, HttpContext httpContext, Task matchTask)
   at OrchardCore.Diagnostics.DiagnosticsStartupFilter.<>c__DisplayClass3_0.<<Configure>b__1>d.MoveNext()
--- End of stack trace from previous location ---
   at Microsoft.AspNetCore.Diagnostics.StatusCodePagesMiddleware.Invoke(HttpContext context)
   at OrchardCore.Modules.ModularTenantRouterMiddleware.Invoke(HttpContext httpContext)
   at OrchardCore.Modules.ModularTenantContainerMiddleware.<>c__DisplayClass4_0.<<Invoke>b__0>d.MoveNext()
--- End of stack trace from previous location ---
   at OrchardCore.Environment.Shell.Scope.ShellScope.UsingAsync(Func`2 execute, Boolean activateShell)
   at OrchardCore.Environment.Shell.Scope.ShellScope.UsingAsync(Func`2 execute, Boolean activateShell)
   at OrchardCore.Environment.Shell.Scope.ShellScope.UsingAsync(Func`2 execute, Boolean activateShell)
   at OrchardCore.Environment.Shell.Scope.ShellScope.UsingAsync(Func`2 execute, Boolean activateShell)
   at OrchardCore.Environment.Shell.Scope.ShellScope.UsingAsync(Func`2 execute, Boolean activateShell)
   at OrchardCore.Modules.ModularTenantContainerMiddleware.Invoke(HttpContext httpContext)
   at Microsoft.AspNetCore.Authorization.AuthorizationMiddleware.Invoke(HttpContext context)
   at Microsoft.AspNetCore.Authentication.AuthenticationMiddleware.Invoke(HttpContext context)
   at Microsoft.AspNetCore.Diagnostics.DeveloperExceptionPageMiddlewareImpl.Invoke(HttpContext context)    at Microsoft.AspNetCore.Routing.Matching.DefaultEndpointSelector.ReportAmbiguity(Span`1 candidateState)
   at Microsoft.AspNetCore.Routing.Matching.DefaultEndpointSelector.ProcessFinalCandidates(HttpContext httpContext, Span`1 candidateState)
   at Microsoft.AspNetCore.Routing.Matching.DefaultEndpointSelector.Select(HttpContext httpContext, Span`1 candidateState)
   at Microsoft.AspNetCore.Routing.Matching.DefaultEndpointSelector.SelectAsync(HttpContext httpContext, CandidateSet candidateSet)
   at Microsoft.AspNetCore.Routing.Matching.DfaMatcher.SelectEndpointWithPoliciesAsync(HttpContext httpContext, IEndpointSelectorPolicy[] policies, CandidateSet candidateSet)
   at Microsoft.AspNetCore.Routing.EndpointRoutingMiddleware.<Invoke>g__AwaitMatch|10_1(EndpointRoutingMiddleware middleware, HttpContext httpContext, Task matchTask)
   at OrchardCore.Diagnostics.DiagnosticsStartupFilter.<>c__DisplayClass3_0.<<Configure>b__1>d.MoveNext()
--- End of stack trace from previous location ---
   at Microsoft.AspNetCore.Diagnostics.StatusCodePagesMiddleware.Invoke(HttpContext context)
   at OrchardCore.Modules.ModularTenantRouterMiddleware.Invoke(HttpContext httpContext)
   at OrchardCore.Modules.ModularTenantContainerMiddleware.<>c__DisplayClass4_0.<<Invoke>b__0>d.MoveNext()
--- End of stack trace from previous location ---
   at OrchardCore.Environment.Shell.Scope.ShellScope.UsingAsync(Func`2 execute, Boolean activateShell)
   at OrchardCore.Environment.Shell.Scope.ShellScope.UsingAsync(Func`2 execute, Boolean activateShell)
   at OrchardCore.Environment.Shell.Scope.ShellScope.UsingAsync(Func`2 execute, Boolean activateShell)
   at OrchardCore.Environment.Shell.Scope.ShellScope.UsingAsync(Func`2 execute, Boolean activateShell)
   at OrchardCore.Environment.Shell.Scope.ShellScope.UsingAsync(Func`2 execute, Boolean activateShell)
   at OrchardCore.Modules.ModularTenantContainerMiddleware.Invoke(HttpContext httpContext)
   at Microsoft.AspNetCore.Authorization.AuthorizationMiddleware.Invoke(HttpContext context)
   at Microsoft.AspNetCore.Authentication.AuthenticationMiddleware.Invoke(HttpContext context)
   at Microsoft.AspNetCore.Diagnostics.DeveloperExceptionPageMiddlewareImpl.Invoke(HttpContext context)
2024-08-04 17:45:18.8105||||Microsoft.Hosting.Lifetime|INFO|Application started. Press Ctrl+C to shut down. 
2024-08-04 17:45:18.8336||||Microsoft.Hosting.Lifetime|INFO|Hosting environment: Development 
2024-08-04 17:45:18.8336||||Microsoft.Hosting.Lifetime|INFO|Content root path: C:\Users\smskm\source\repos\ToDoListApplication 
2024-08-04 17:45:20.9455|Default|00-ee6018dff781accf503e88862476918b-81ce98ac1b2f7153-00|1|Microsoft.AspNetCore.Diagnostics.DeveloperExceptionPageMiddleware|ERROR|An unhandled exception has occurred while executing the request. Microsoft.AspNetCore.Routing.Matching.AmbiguousMatchException: The request matched multiple endpoints. Matches: 

ToDoModule.Controllers.HomeController.Index (ToDoListApplication)
OrchardCore.TheTheme.Controllers.HomeController.Index (TheTheme)
   at Microsoft.AspNetCore.Routing.Matching.DefaultEndpointSelector.ReportAmbiguity(Span`1 candidateState)
   at Microsoft.AspNetCore.Routing.Matching.DefaultEndpointSelector.ProcessFinalCandidates(HttpContext httpContext, Span`1 candidateState)
   at Microsoft.AspNetCore.Routing.Matching.DefaultEndpointSelector.Select(HttpContext httpContext, Span`1 candidateState)
   at Microsoft.AspNetCore.Routing.Matching.DefaultEndpointSelector.SelectAsync(HttpContext httpContext, CandidateSet candidateSet)
   at Microsoft.AspNetCore.Routing.Matching.DfaMatcher.SelectEndpointWithPoliciesAsync(HttpContext httpContext, IEndpointSelectorPolicy[] policies, CandidateSet candidateSet)
   at Microsoft.AspNetCore.Routing.EndpointRoutingMiddleware.<Invoke>g__AwaitMatch|10_1(EndpointRoutingMiddleware middleware, HttpContext httpContext, Task matchTask)
   at OrchardCore.Diagnostics.DiagnosticsStartupFilter.<>c__DisplayClass3_0.<<Configure>b__1>d.MoveNext()
--- End of stack trace from previous location ---
   at Microsoft.AspNetCore.Diagnostics.StatusCodePagesMiddleware.Invoke(HttpContext context)
   at OrchardCore.Modules.ModularTenantRouterMiddleware.Invoke(HttpContext httpContext)
   at OrchardCore.Modules.ModularTenantContainerMiddleware.<>c__DisplayClass4_0.<<Invoke>b__0>d.MoveNext()
--- End of stack trace from previous location ---
   at OrchardCore.Environment.Shell.Scope.ShellScope.UsingAsync(Func`2 execute, Boolean activateShell)
   at OrchardCore.Environment.Shell.Scope.ShellScope.UsingAsync(Func`2 execute, Boolean activateShell)
   at OrchardCore.Environment.Shell.Scope.ShellScope.UsingAsync(Func`2 execute, Boolean activateShell)
   at OrchardCore.Environment.Shell.Scope.ShellScope.UsingAsync(Func`2 execute, Boolean activateShell)
   at OrchardCore.Environment.Shell.Scope.ShellScope.UsingAsync(Func`2 execute, Boolean activateShell)
   at OrchardCore.Modules.ModularTenantContainerMiddleware.Invoke(HttpContext httpContext)
   at Microsoft.AspNetCore.Authorization.AuthorizationMiddleware.Invoke(HttpContext context)
   at Microsoft.AspNetCore.Authentication.AuthenticationMiddleware.Invoke(HttpContext context)
   at Microsoft.AspNetCore.Diagnostics.DeveloperExceptionPageMiddlewareImpl.Invoke(HttpContext context)    at Microsoft.AspNetCore.Routing.Matching.DefaultEndpointSelector.ReportAmbiguity(Span`1 candidateState)
   at Microsoft.AspNetCore.Routing.Matching.DefaultEndpointSelector.ProcessFinalCandidates(HttpContext httpContext, Span`1 candidateState)
   at Microsoft.AspNetCore.Routing.Matching.DefaultEndpointSelector.Select(HttpContext httpContext, Span`1 candidateState)
   at Microsoft.AspNetCore.Routing.Matching.DefaultEndpointSelector.SelectAsync(HttpContext httpContext, CandidateSet candidateSet)
   at Microsoft.AspNetCore.Routing.Matching.DfaMatcher.SelectEndpointWithPoliciesAsync(HttpContext httpContext, IEndpointSelectorPolicy[] policies, CandidateSet candidateSet)
   at Microsoft.AspNetCore.Routing.EndpointRoutingMiddleware.<Invoke>g__AwaitMatch|10_1(EndpointRoutingMiddleware middleware, HttpContext httpContext, Task matchTask)
   at OrchardCore.Diagnostics.DiagnosticsStartupFilter.<>c__DisplayClass3_0.<<Configure>b__1>d.MoveNext()
--- End of stack trace from previous location ---
   at Microsoft.AspNetCore.Diagnostics.StatusCodePagesMiddleware.Invoke(HttpContext context)
   at OrchardCore.Modules.ModularTenantRouterMiddleware.Invoke(HttpContext httpContext)
   at OrchardCore.Modules.ModularTenantContainerMiddleware.<>c__DisplayClass4_0.<<Invoke>b__0>d.MoveNext()
--- End of stack trace from previous location ---
   at OrchardCore.Environment.Shell.Scope.ShellScope.UsingAsync(Func`2 execute, Boolean activateShell)
   at OrchardCore.Environment.Shell.Scope.ShellScope.UsingAsync(Func`2 execute, Boolean activateShell)
   at OrchardCore.Environment.Shell.Scope.ShellScope.UsingAsync(Func`2 execute, Boolean activateShell)
   at OrchardCore.Environment.Shell.Scope.ShellScope.UsingAsync(Func`2 execute, Boolean activateShell)
   at OrchardCore.Environment.Shell.Scope.ShellScope.UsingAsync(Func`2 execute, Boolean activateShell)
   at OrchardCore.Modules.ModularTenantContainerMiddleware.Invoke(HttpContext httpContext)
   at Microsoft.AspNetCore.Authorization.AuthorizationMiddleware.Invoke(HttpContext context)
   at Microsoft.AspNetCore.Authentication.AuthenticationMiddleware.Invoke(HttpContext context)
   at Microsoft.AspNetCore.Diagnostics.DeveloperExceptionPageMiddlewareImpl.Invoke(HttpContext context)
2024-08-04 17:50:45.3858||||Microsoft.Hosting.Lifetime|INFO|Application started. Press Ctrl+C to shut down. 
2024-08-04 17:50:45.4150||||Microsoft.Hosting.Lifetime|INFO|Hosting environment: Development 
2024-08-04 17:50:45.4229||||Microsoft.Hosting.Lifetime|INFO|Content root path: C:\Users\smskm\source\repos\ToDoListApplication 
2024-08-04 17:50:46.4150|Default|00-0c6f3aee01fedb5116f49cc385417d48-31337bb4955f5bb8-00|1|Microsoft.AspNetCore.Diagnostics.DeveloperExceptionPageMiddleware|ERROR|An unhandled exception has occurred while executing the request. System.ArgumentException: Value cannot be null or empty. (Parameter 'areaName')
   at Microsoft.AspNetCore.Builder.ControllerEndpointRouteBuilderExtensions.MapAreaControllerRoute(IEndpointRouteBuilder endpoints, String name, String areaName, String pattern, Object defaults, Object constraints, Object dataTokens)
   at OrchardCore.Mvc.Routing.DefaultAreaControllerRouteMapper.TryMapAreaControllerRoute(IEndpointRouteBuilder routes, ControllerActionDescriptor descriptor)
   at OrchardCore.Mvc.Startup.Configure(IApplicationBuilder app, IEndpointRouteBuilder routes, IServiceProvider serviceProvider)
   at OrchardCore.Modules.ShellPipelineExtensions.ConfigurePipelineAsync(IApplicationBuilder builder)
   at OrchardCore.Modules.ShellPipelineExtensions.BuildPipelineInternalAsync(ShellContext context)
   at OrchardCore.Modules.ShellPipelineExtensions.BuildPipelineAsync(ShellContext context)
   at OrchardCore.Modules.ModularTenantRouterMiddleware.Invoke(HttpContext httpContext)
   at OrchardCore.Modules.ModularTenantContainerMiddleware.<>c__DisplayClass4_0.<<Invoke>b__0>d.MoveNext()
--- End of stack trace from previous location ---
   at OrchardCore.Environment.Shell.Scope.ShellScope.UsingAsync(Func`2 execute, Boolean activateShell)
   at OrchardCore.Environment.Shell.Scope.ShellScope.UsingAsync(Func`2 execute, Boolean activateShell)
   at OrchardCore.Environment.Shell.Scope.ShellScope.UsingAsync(Func`2 execute, Boolean activateShell)
   at OrchardCore.Environment.Shell.Scope.ShellScope.UsingAsync(Func`2 execute, Boolean activateShell)
   at OrchardCore.Environment.Shell.Scope.ShellScope.UsingAsync(Func`2 execute, Boolean activateShell)
   at OrchardCore.Modules.ModularTenantContainerMiddleware.Invoke(HttpContext httpContext)
   at Microsoft.AspNetCore.Authorization.AuthorizationMiddleware.Invoke(HttpContext context)
   at Microsoft.AspNetCore.Authentication.AuthenticationMiddleware.Invoke(HttpContext context)
   at Microsoft.AspNetCore.Diagnostics.DeveloperExceptionPageMiddlewareImpl.Invoke(HttpContext context)    at Microsoft.AspNetCore.Builder.ControllerEndpointRouteBuilderExtensions.MapAreaControllerRoute(IEndpointRouteBuilder endpoints, String name, String areaName, String pattern, Object defaults, Object constraints, Object dataTokens)
   at OrchardCore.Mvc.Routing.DefaultAreaControllerRouteMapper.TryMapAreaControllerRoute(IEndpointRouteBuilder routes, ControllerActionDescriptor descriptor)
   at OrchardCore.Mvc.Startup.Configure(IApplicationBuilder app, IEndpointRouteBuilder routes, IServiceProvider serviceProvider)
   at OrchardCore.Modules.ShellPipelineExtensions.ConfigurePipelineAsync(IApplicationBuilder builder)
   at OrchardCore.Modules.ShellPipelineExtensions.BuildPipelineInternalAsync(ShellContext context)
   at OrchardCore.Modules.ShellPipelineExtensions.BuildPipelineAsync(ShellContext context)
   at OrchardCore.Modules.ModularTenantRouterMiddleware.Invoke(HttpContext httpContext)
   at OrchardCore.Modules.ModularTenantContainerMiddleware.<>c__DisplayClass4_0.<<Invoke>b__0>d.MoveNext()
--- End of stack trace from previous location ---
   at OrchardCore.Environment.Shell.Scope.ShellScope.UsingAsync(Func`2 execute, Boolean activateShell)
   at OrchardCore.Environment.Shell.Scope.ShellScope.UsingAsync(Func`2 execute, Boolean activateShell)
   at OrchardCore.Environment.Shell.Scope.ShellScope.UsingAsync(Func`2 execute, Boolean activateShell)
   at OrchardCore.Environment.Shell.Scope.ShellScope.UsingAsync(Func`2 execute, Boolean activateShell)
   at OrchardCore.Environment.Shell.Scope.ShellScope.UsingAsync(Func`2 execute, Boolean activateShell)
   at OrchardCore.Modules.ModularTenantContainerMiddleware.Invoke(HttpContext httpContext)
   at Microsoft.AspNetCore.Authorization.AuthorizationMiddleware.Invoke(HttpContext context)
   at Microsoft.AspNetCore.Authentication.AuthenticationMiddleware.Invoke(HttpContext context)
   at Microsoft.AspNetCore.Diagnostics.DeveloperExceptionPageMiddlewareImpl.Invoke(HttpContext context)
2024-08-04 17:51:02.2903||||Microsoft.Hosting.Lifetime|INFO|Application started. Press Ctrl+C to shut down. 
2024-08-04 17:51:02.3260||||Microsoft.Hosting.Lifetime|INFO|Hosting environment: Development 
2024-08-04 17:51:02.3303||||Microsoft.Hosting.Lifetime|INFO|Content root path: C:\Users\smskm\source\repos\ToDoListApplication 
2024-08-04 17:51:03.1406|Default|00-34b78ad011394dce31bbabf950eeb081-ac21b51ad6d339d9-00|1|Microsoft.AspNetCore.Diagnostics.DeveloperExceptionPageMiddleware|ERROR|An unhandled exception has occurred while executing the request. System.ArgumentException: Value cannot be null or empty. (Parameter 'areaName')
   at Microsoft.AspNetCore.Builder.ControllerEndpointRouteBuilderExtensions.MapAreaControllerRoute(IEndpointRouteBuilder endpoints, String name, String areaName, String pattern, Object defaults, Object constraints, Object dataTokens)
   at OrchardCore.Mvc.Routing.DefaultAreaControllerRouteMapper.TryMapAreaControllerRoute(IEndpointRouteBuilder routes, ControllerActionDescriptor descriptor)
   at OrchardCore.Mvc.Startup.Configure(IApplicationBuilder app, IEndpointRouteBuilder routes, IServiceProvider serviceProvider)
   at OrchardCore.Modules.ShellPipelineExtensions.ConfigurePipelineAsync(IApplicationBuilder builder)
   at OrchardCore.Modules.ShellPipelineExtensions.BuildPipelineInternalAsync(ShellContext context)
   at OrchardCore.Modules.ShellPipelineExtensions.BuildPipelineAsync(ShellContext context)
   at OrchardCore.Modules.ModularTenantRouterMiddleware.Invoke(HttpContext httpContext)
   at OrchardCore.Modules.ModularTenantContainerMiddleware.<>c__DisplayClass4_0.<<Invoke>b__0>d.MoveNext()
--- End of stack trace from previous location ---
   at OrchardCore.Environment.Shell.Scope.ShellScope.UsingAsync(Func`2 execute, Boolean activateShell)
   at OrchardCore.Environment.Shell.Scope.ShellScope.UsingAsync(Func`2 execute, Boolean activateShell)
   at OrchardCore.Environment.Shell.Scope.ShellScope.UsingAsync(Func`2 execute, Boolean activateShell)
   at OrchardCore.Environment.Shell.Scope.ShellScope.UsingAsync(Func`2 execute, Boolean activateShell)
   at OrchardCore.Environment.Shell.Scope.ShellScope.UsingAsync(Func`2 execute, Boolean activateShell)
   at OrchardCore.Modules.ModularTenantContainerMiddleware.Invoke(HttpContext httpContext)
   at Microsoft.AspNetCore.Authorization.AuthorizationMiddleware.Invoke(HttpContext context)
   at Microsoft.AspNetCore.Authentication.AuthenticationMiddleware.Invoke(HttpContext context)
   at Microsoft.AspNetCore.Diagnostics.DeveloperExceptionPageMiddlewareImpl.Invoke(HttpContext context)    at Microsoft.AspNetCore.Builder.ControllerEndpointRouteBuilderExtensions.MapAreaControllerRoute(IEndpointRouteBuilder endpoints, String name, String areaName, String pattern, Object defaults, Object constraints, Object dataTokens)
   at OrchardCore.Mvc.Routing.DefaultAreaControllerRouteMapper.TryMapAreaControllerRoute(IEndpointRouteBuilder routes, ControllerActionDescriptor descriptor)
   at OrchardCore.Mvc.Startup.Configure(IApplicationBuilder app, IEndpointRouteBuilder routes, IServiceProvider serviceProvider)
   at OrchardCore.Modules.ShellPipelineExtensions.ConfigurePipelineAsync(IApplicationBuilder builder)
   at OrchardCore.Modules.ShellPipelineExtensions.BuildPipelineInternalAsync(ShellContext context)
   at OrchardCore.Modules.ShellPipelineExtensions.BuildPipelineAsync(ShellContext context)
   at OrchardCore.Modules.ModularTenantRouterMiddleware.Invoke(HttpContext httpContext)
   at OrchardCore.Modules.ModularTenantContainerMiddleware.<>c__DisplayClass4_0.<<Invoke>b__0>d.MoveNext()
--- End of stack trace from previous location ---
   at OrchardCore.Environment.Shell.Scope.ShellScope.UsingAsync(Func`2 execute, Boolean activateShell)
   at OrchardCore.Environment.Shell.Scope.ShellScope.UsingAsync(Func`2 execute, Boolean activateShell)
   at OrchardCore.Environment.Shell.Scope.ShellScope.UsingAsync(Func`2 execute, Boolean activateShell)
   at OrchardCore.Environment.Shell.Scope.ShellScope.UsingAsync(Func`2 execute, Boolean activateShell)
   at OrchardCore.Environment.Shell.Scope.ShellScope.UsingAsync(Func`2 execute, Boolean activateShell)
   at OrchardCore.Modules.ModularTenantContainerMiddleware.Invoke(HttpContext httpContext)
   at Microsoft.AspNetCore.Authorization.AuthorizationMiddleware.Invoke(HttpContext context)
   at Microsoft.AspNetCore.Authentication.AuthenticationMiddleware.Invoke(HttpContext context)
   at Microsoft.AspNetCore.Diagnostics.DeveloperExceptionPageMiddlewareImpl.Invoke(HttpContext context)
2024-08-04 17:51:55.9492||||Microsoft.Hosting.Lifetime|INFO|Application started. Press Ctrl+C to shut down. 
2024-08-04 17:51:55.9823||||Microsoft.Hosting.Lifetime|INFO|Hosting environment: Development 
2024-08-04 17:51:56.0037||||Microsoft.Hosting.Lifetime|INFO|Content root path: C:\Users\smskm\source\repos\ToDoListApplication 
2024-08-04 17:51:57.0842|Default|00-8213c2cb6d6fdadeb1b9cfaed1e33751-2d939a73257a968f-00|1|Microsoft.AspNetCore.Diagnostics.DeveloperExceptionPageMiddleware|ERROR|An unhandled exception has occurred while executing the request. System.ArgumentException: Value cannot be null or empty. (Parameter 'areaName')
   at Microsoft.AspNetCore.Builder.ControllerEndpointRouteBuilderExtensions.MapAreaControllerRoute(IEndpointRouteBuilder endpoints, String name, String areaName, String pattern, Object defaults, Object constraints, Object dataTokens)
   at OrchardCore.Mvc.Routing.DefaultAreaControllerRouteMapper.TryMapAreaControllerRoute(IEndpointRouteBuilder routes, ControllerActionDescriptor descriptor)
   at OrchardCore.Mvc.Startup.Configure(IApplicationBuilder app, IEndpointRouteBuilder routes, IServiceProvider serviceProvider)
   at OrchardCore.Modules.ShellPipelineExtensions.ConfigurePipelineAsync(IApplicationBuilder builder)
   at OrchardCore.Modules.ShellPipelineExtensions.BuildPipelineInternalAsync(ShellContext context)
   at OrchardCore.Modules.ShellPipelineExtensions.BuildPipelineAsync(ShellContext context)
   at OrchardCore.Modules.ModularTenantRouterMiddleware.Invoke(HttpContext httpContext)
   at OrchardCore.Modules.ModularTenantContainerMiddleware.<>c__DisplayClass4_0.<<Invoke>b__0>d.MoveNext()
--- End of stack trace from previous location ---
   at OrchardCore.Environment.Shell.Scope.ShellScope.UsingAsync(Func`2 execute, Boolean activateShell)
   at OrchardCore.Environment.Shell.Scope.ShellScope.UsingAsync(Func`2 execute, Boolean activateShell)
   at OrchardCore.Environment.Shell.Scope.ShellScope.UsingAsync(Func`2 execute, Boolean activateShell)
   at OrchardCore.Environment.Shell.Scope.ShellScope.UsingAsync(Func`2 execute, Boolean activateShell)
   at OrchardCore.Environment.Shell.Scope.ShellScope.UsingAsync(Func`2 execute, Boolean activateShell)
   at OrchardCore.Modules.ModularTenantContainerMiddleware.Invoke(HttpContext httpContext)
   at Microsoft.AspNetCore.Authorization.AuthorizationMiddleware.Invoke(HttpContext context)
   at Microsoft.AspNetCore.Authentication.AuthenticationMiddleware.Invoke(HttpContext context)
   at Microsoft.AspNetCore.Diagnostics.DeveloperExceptionPageMiddlewareImpl.Invoke(HttpContext context)    at Microsoft.AspNetCore.Builder.ControllerEndpointRouteBuilderExtensions.MapAreaControllerRoute(IEndpointRouteBuilder endpoints, String name, String areaName, String pattern, Object defaults, Object constraints, Object dataTokens)
   at OrchardCore.Mvc.Routing.DefaultAreaControllerRouteMapper.TryMapAreaControllerRoute(IEndpointRouteBuilder routes, ControllerActionDescriptor descriptor)
   at OrchardCore.Mvc.Startup.Configure(IApplicationBuilder app, IEndpointRouteBuilder routes, IServiceProvider serviceProvider)
   at OrchardCore.Modules.ShellPipelineExtensions.ConfigurePipelineAsync(IApplicationBuilder builder)
   at OrchardCore.Modules.ShellPipelineExtensions.BuildPipelineInternalAsync(ShellContext context)
   at OrchardCore.Modules.ShellPipelineExtensions.BuildPipelineAsync(ShellContext context)
   at OrchardCore.Modules.ModularTenantRouterMiddleware.Invoke(HttpContext httpContext)
   at OrchardCore.Modules.ModularTenantContainerMiddleware.<>c__DisplayClass4_0.<<Invoke>b__0>d.MoveNext()
--- End of stack trace from previous location ---
   at OrchardCore.Environment.Shell.Scope.ShellScope.UsingAsync(Func`2 execute, Boolean activateShell)
   at OrchardCore.Environment.Shell.Scope.ShellScope.UsingAsync(Func`2 execute, Boolean activateShell)
   at OrchardCore.Environment.Shell.Scope.ShellScope.UsingAsync(Func`2 execute, Boolean activateShell)
   at OrchardCore.Environment.Shell.Scope.ShellScope.UsingAsync(Func`2 execute, Boolean activateShell)
   at OrchardCore.Environment.Shell.Scope.ShellScope.UsingAsync(Func`2 execute, Boolean activateShell)
   at OrchardCore.Modules.ModularTenantContainerMiddleware.Invoke(HttpContext httpContext)
   at Microsoft.AspNetCore.Authorization.AuthorizationMiddleware.Invoke(HttpContext context)
   at Microsoft.AspNetCore.Authentication.AuthenticationMiddleware.Invoke(HttpContext context)
   at Microsoft.AspNetCore.Diagnostics.DeveloperExceptionPageMiddlewareImpl.Invoke(HttpContext context)
2024-08-04 17:52:35.3019||||Microsoft.Hosting.Lifetime|INFO|Application started. Press Ctrl+C to shut down. 
2024-08-04 17:52:35.3277||||Microsoft.Hosting.Lifetime|INFO|Hosting environment: Development 
2024-08-04 17:52:35.3314||||Microsoft.Hosting.Lifetime|INFO|Content root path: C:\Users\smskm\source\repos\ToDoListApplication 
2024-08-04 17:52:36.0396|Default|00-ae910f7ff6697a748c05398ed84be31f-1e37dd044692eb6d-00|1|Microsoft.AspNetCore.Diagnostics.DeveloperExceptionPageMiddleware|ERROR|An unhandled exception has occurred while executing the request. System.ArgumentException: Value cannot be null or empty. (Parameter 'areaName')
   at Microsoft.AspNetCore.Builder.ControllerEndpointRouteBuilderExtensions.MapAreaControllerRoute(IEndpointRouteBuilder endpoints, String name, String areaName, String pattern, Object defaults, Object constraints, Object dataTokens)
   at OrchardCore.Mvc.Routing.DefaultAreaControllerRouteMapper.TryMapAreaControllerRoute(IEndpointRouteBuilder routes, ControllerActionDescriptor descriptor)
   at OrchardCore.Mvc.Startup.Configure(IApplicationBuilder app, IEndpointRouteBuilder routes, IServiceProvider serviceProvider)
   at OrchardCore.Modules.ShellPipelineExtensions.ConfigurePipelineAsync(IApplicationBuilder builder)
   at OrchardCore.Modules.ShellPipelineExtensions.BuildPipelineInternalAsync(ShellContext context)
   at OrchardCore.Modules.ShellPipelineExtensions.BuildPipelineAsync(ShellContext context)
   at OrchardCore.Modules.ModularTenantRouterMiddleware.Invoke(HttpContext httpContext)
   at OrchardCore.Modules.ModularTenantContainerMiddleware.<>c__DisplayClass4_0.<<Invoke>b__0>d.MoveNext()
--- End of stack trace from previous location ---
   at OrchardCore.Environment.Shell.Scope.ShellScope.UsingAsync(Func`2 execute, Boolean activateShell)
   at OrchardCore.Environment.Shell.Scope.ShellScope.UsingAsync(Func`2 execute, Boolean activateShell)
   at OrchardCore.Environment.Shell.Scope.ShellScope.UsingAsync(Func`2 execute, Boolean activateShell)
   at OrchardCore.Environment.Shell.Scope.ShellScope.UsingAsync(Func`2 execute, Boolean activateShell)
   at OrchardCore.Environment.Shell.Scope.ShellScope.UsingAsync(Func`2 execute, Boolean activateShell)
   at OrchardCore.Modules.ModularTenantContainerMiddleware.Invoke(HttpContext httpContext)
   at Microsoft.AspNetCore.Authorization.AuthorizationMiddleware.Invoke(HttpContext context)
   at Microsoft.AspNetCore.Authentication.AuthenticationMiddleware.Invoke(HttpContext context)
   at Microsoft.AspNetCore.Diagnostics.DeveloperExceptionPageMiddlewareImpl.Invoke(HttpContext context)    at Microsoft.AspNetCore.Builder.ControllerEndpointRouteBuilderExtensions.MapAreaControllerRoute(IEndpointRouteBuilder endpoints, String name, String areaName, String pattern, Object defaults, Object constraints, Object dataTokens)
   at OrchardCore.Mvc.Routing.DefaultAreaControllerRouteMapper.TryMapAreaControllerRoute(IEndpointRouteBuilder routes, ControllerActionDescriptor descriptor)
   at OrchardCore.Mvc.Startup.Configure(IApplicationBuilder app, IEndpointRouteBuilder routes, IServiceProvider serviceProvider)
   at OrchardCore.Modules.ShellPipelineExtensions.ConfigurePipelineAsync(IApplicationBuilder builder)
   at OrchardCore.Modules.ShellPipelineExtensions.BuildPipelineInternalAsync(ShellContext context)
   at OrchardCore.Modules.ShellPipelineExtensions.BuildPipelineAsync(ShellContext context)
   at OrchardCore.Modules.ModularTenantRouterMiddleware.Invoke(HttpContext httpContext)
   at OrchardCore.Modules.ModularTenantContainerMiddleware.<>c__DisplayClass4_0.<<Invoke>b__0>d.MoveNext()
--- End of stack trace from previous location ---
   at OrchardCore.Environment.Shell.Scope.ShellScope.UsingAsync(Func`2 execute, Boolean activateShell)
   at OrchardCore.Environment.Shell.Scope.ShellScope.UsingAsync(Func`2 execute, Boolean activateShell)
   at OrchardCore.Environment.Shell.Scope.ShellScope.UsingAsync(Func`2 execute, Boolean activateShell)
   at OrchardCore.Environment.Shell.Scope.ShellScope.UsingAsync(Func`2 execute, Boolean activateShell)
   at OrchardCore.Environment.Shell.Scope.ShellScope.UsingAsync(Func`2 execute, Boolean activateShell)
   at OrchardCore.Modules.ModularTenantContainerMiddleware.Invoke(HttpContext httpContext)
   at Microsoft.AspNetCore.Authorization.AuthorizationMiddleware.Invoke(HttpContext context)
   at Microsoft.AspNetCore.Authentication.AuthenticationMiddleware.Invoke(HttpContext context)
   at Microsoft.AspNetCore.Diagnostics.DeveloperExceptionPageMiddlewareImpl.Invoke(HttpContext context)
2024-08-04 17:54:36.1115||||Microsoft.Hosting.Lifetime|INFO|Application started. Press Ctrl+C to shut down. 
2024-08-04 17:54:36.1383||||Microsoft.Hosting.Lifetime|INFO|Hosting environment: Development 
2024-08-04 17:54:36.1485||||Microsoft.Hosting.Lifetime|INFO|Content root path: C:\Users\smskm\source\repos\ToDoListApplication 
2024-08-04 17:54:37.0608|Default|00-8a46a7b82a55d32d16fc03e296c9d9d9-a7ae3e5591d09930-00|1|Microsoft.AspNetCore.Diagnostics.DeveloperExceptionPageMiddleware|ERROR|An unhandled exception has occurred while executing the request. System.ArgumentException: Value cannot be null or empty. (Parameter 'areaName')
   at Microsoft.AspNetCore.Builder.ControllerEndpointRouteBuilderExtensions.MapAreaControllerRoute(IEndpointRouteBuilder endpoints, String name, String areaName, String pattern, Object defaults, Object constraints, Object dataTokens)
   at OrchardCore.Mvc.Routing.DefaultAreaControllerRouteMapper.TryMapAreaControllerRoute(IEndpointRouteBuilder routes, ControllerActionDescriptor descriptor)
   at OrchardCore.Mvc.Startup.Configure(IApplicationBuilder app, IEndpointRouteBuilder routes, IServiceProvider serviceProvider)
   at OrchardCore.Modules.ShellPipelineExtensions.ConfigurePipelineAsync(IApplicationBuilder builder)
   at OrchardCore.Modules.ShellPipelineExtensions.BuildPipelineInternalAsync(ShellContext context)
   at OrchardCore.Modules.ShellPipelineExtensions.BuildPipelineAsync(ShellContext context)
   at OrchardCore.Modules.ModularTenantRouterMiddleware.Invoke(HttpContext httpContext)
   at OrchardCore.Modules.ModularTenantContainerMiddleware.<>c__DisplayClass4_0.<<Invoke>b__0>d.MoveNext()
--- End of stack trace from previous location ---
   at OrchardCore.Environment.Shell.Scope.ShellScope.UsingAsync(Func`2 execute, Boolean activateShell)
   at OrchardCore.Environment.Shell.Scope.ShellScope.UsingAsync(Func`2 execute, Boolean activateShell)
   at OrchardCore.Environment.Shell.Scope.ShellScope.UsingAsync(Func`2 execute, Boolean activateShell)
   at OrchardCore.Environment.Shell.Scope.ShellScope.UsingAsync(Func`2 execute, Boolean activateShell)
   at OrchardCore.Environment.Shell.Scope.ShellScope.UsingAsync(Func`2 execute, Boolean activateShell)
   at OrchardCore.Modules.ModularTenantContainerMiddleware.Invoke(HttpContext httpContext)
   at Microsoft.AspNetCore.Authorization.AuthorizationMiddleware.Invoke(HttpContext context)
   at Microsoft.AspNetCore.Authentication.AuthenticationMiddleware.Invoke(HttpContext context)
   at Microsoft.AspNetCore.Diagnostics.DeveloperExceptionPageMiddlewareImpl.Invoke(HttpContext context)    at Microsoft.AspNetCore.Builder.ControllerEndpointRouteBuilderExtensions.MapAreaControllerRoute(IEndpointRouteBuilder endpoints, String name, String areaName, String pattern, Object defaults, Object constraints, Object dataTokens)
   at OrchardCore.Mvc.Routing.DefaultAreaControllerRouteMapper.TryMapAreaControllerRoute(IEndpointRouteBuilder routes, ControllerActionDescriptor descriptor)
   at OrchardCore.Mvc.Startup.Configure(IApplicationBuilder app, IEndpointRouteBuilder routes, IServiceProvider serviceProvider)
   at OrchardCore.Modules.ShellPipelineExtensions.ConfigurePipelineAsync(IApplicationBuilder builder)
   at OrchardCore.Modules.ShellPipelineExtensions.BuildPipelineInternalAsync(ShellContext context)
   at OrchardCore.Modules.ShellPipelineExtensions.BuildPipelineAsync(ShellContext context)
   at OrchardCore.Modules.ModularTenantRouterMiddleware.Invoke(HttpContext httpContext)
   at OrchardCore.Modules.ModularTenantContainerMiddleware.<>c__DisplayClass4_0.<<Invoke>b__0>d.MoveNext()
--- End of stack trace from previous location ---
   at OrchardCore.Environment.Shell.Scope.ShellScope.UsingAsync(Func`2 execute, Boolean activateShell)
   at OrchardCore.Environment.Shell.Scope.ShellScope.UsingAsync(Func`2 execute, Boolean activateShell)
   at OrchardCore.Environment.Shell.Scope.ShellScope.UsingAsync(Func`2 execute, Boolean activateShell)
   at OrchardCore.Environment.Shell.Scope.ShellScope.UsingAsync(Func`2 execute, Boolean activateShell)
   at OrchardCore.Environment.Shell.Scope.ShellScope.UsingAsync(Func`2 execute, Boolean activateShell)
   at OrchardCore.Modules.ModularTenantContainerMiddleware.Invoke(HttpContext httpContext)
   at Microsoft.AspNetCore.Authorization.AuthorizationMiddleware.Invoke(HttpContext context)
   at Microsoft.AspNetCore.Authentication.AuthenticationMiddleware.Invoke(HttpContext context)
   at Microsoft.AspNetCore.Diagnostics.DeveloperExceptionPageMiddlewareImpl.Invoke(HttpContext context)
2024-08-04 17:56:28.0533||||Microsoft.Hosting.Lifetime|INFO|Application started. Press Ctrl+C to shut down. 
2024-08-04 17:56:28.0820||||Microsoft.Hosting.Lifetime|INFO|Hosting environment: Development 
2024-08-04 17:56:28.0820||||Microsoft.Hosting.Lifetime|INFO|Content root path: C:\Users\smskm\source\repos\ToDoListApplication 
2024-08-04 17:56:29.9287|Default|00-020f53a9a2512646050501dcd9217319-fac47c5c112838bf-00|1|Microsoft.AspNetCore.Diagnostics.DeveloperExceptionPageMiddleware|ERROR|An unhandled exception has occurred while executing the request. System.ArgumentException: Value cannot be null or empty. (Parameter 'areaName')
   at Microsoft.AspNetCore.Builder.ControllerEndpointRouteBuilderExtensions.MapAreaControllerRoute(IEndpointRouteBuilder endpoints, String name, String areaName, String pattern, Object defaults, Object constraints, Object dataTokens)
   at OrchardCore.Mvc.Routing.DefaultAreaControllerRouteMapper.TryMapAreaControllerRoute(IEndpointRouteBuilder routes, ControllerActionDescriptor descriptor)
   at OrchardCore.Mvc.Startup.Configure(IApplicationBuilder app, IEndpointRouteBuilder routes, IServiceProvider serviceProvider)
   at OrchardCore.Modules.ShellPipelineExtensions.ConfigurePipelineAsync(IApplicationBuilder builder)
   at OrchardCore.Modules.ShellPipelineExtensions.BuildPipelineInternalAsync(ShellContext context)
   at OrchardCore.Modules.ShellPipelineExtensions.BuildPipelineAsync(ShellContext context)
   at OrchardCore.Modules.ModularTenantRouterMiddleware.Invoke(HttpContext httpContext)
   at OrchardCore.Modules.ModularTenantContainerMiddleware.<>c__DisplayClass4_0.<<Invoke>b__0>d.MoveNext()
--- End of stack trace from previous location ---
   at OrchardCore.Environment.Shell.Scope.ShellScope.UsingAsync(Func`2 execute, Boolean activateShell)
   at OrchardCore.Environment.Shell.Scope.ShellScope.UsingAsync(Func`2 execute, Boolean activateShell)
   at OrchardCore.Environment.Shell.Scope.ShellScope.UsingAsync(Func`2 execute, Boolean activateShell)
   at OrchardCore.Environment.Shell.Scope.ShellScope.UsingAsync(Func`2 execute, Boolean activateShell)
   at OrchardCore.Environment.Shell.Scope.ShellScope.UsingAsync(Func`2 execute, Boolean activateShell)
   at OrchardCore.Modules.ModularTenantContainerMiddleware.Invoke(HttpContext httpContext)
   at Microsoft.AspNetCore.Authorization.AuthorizationMiddleware.Invoke(HttpContext context)
   at Microsoft.AspNetCore.Authentication.AuthenticationMiddleware.Invoke(HttpContext context)
   at Microsoft.AspNetCore.Diagnostics.DeveloperExceptionPageMiddlewareImpl.Invoke(HttpContext context)    at Microsoft.AspNetCore.Builder.ControllerEndpointRouteBuilderExtensions.MapAreaControllerRoute(IEndpointRouteBuilder endpoints, String name, String areaName, String pattern, Object defaults, Object constraints, Object dataTokens)
   at OrchardCore.Mvc.Routing.DefaultAreaControllerRouteMapper.TryMapAreaControllerRoute(IEndpointRouteBuilder routes, ControllerActionDescriptor descriptor)
   at OrchardCore.Mvc.Startup.Configure(IApplicationBuilder app, IEndpointRouteBuilder routes, IServiceProvider serviceProvider)
   at OrchardCore.Modules.ShellPipelineExtensions.ConfigurePipelineAsync(IApplicationBuilder builder)
   at OrchardCore.Modules.ShellPipelineExtensions.BuildPipelineInternalAsync(ShellContext context)
   at OrchardCore.Modules.ShellPipelineExtensions.BuildPipelineAsync(ShellContext context)
   at OrchardCore.Modules.ModularTenantRouterMiddleware.Invoke(HttpContext httpContext)
   at OrchardCore.Modules.ModularTenantContainerMiddleware.<>c__DisplayClass4_0.<<Invoke>b__0>d.MoveNext()
--- End of stack trace from previous location ---
   at OrchardCore.Environment.Shell.Scope.ShellScope.UsingAsync(Func`2 execute, Boolean activateShell)
   at OrchardCore.Environment.Shell.Scope.ShellScope.UsingAsync(Func`2 execute, Boolean activateShell)
   at OrchardCore.Environment.Shell.Scope.ShellScope.UsingAsync(Func`2 execute, Boolean activateShell)
   at OrchardCore.Environment.Shell.Scope.ShellScope.UsingAsync(Func`2 execute, Boolean activateShell)
   at OrchardCore.Environment.Shell.Scope.ShellScope.UsingAsync(Func`2 execute, Boolean activateShell)
   at OrchardCore.Modules.ModularTenantContainerMiddleware.Invoke(HttpContext httpContext)
   at Microsoft.AspNetCore.Authorization.AuthorizationMiddleware.Invoke(HttpContext context)
   at Microsoft.AspNetCore.Authentication.AuthenticationMiddleware.Invoke(HttpContext context)
   at Microsoft.AspNetCore.Diagnostics.DeveloperExceptionPageMiddlewareImpl.Invoke(HttpContext context)
2024-08-04 17:57:28.4330||||Microsoft.Hosting.Lifetime|INFO|Application started. Press Ctrl+C to shut down. 
2024-08-04 17:57:28.4612||||Microsoft.Hosting.Lifetime|INFO|Hosting environment: Development 
2024-08-04 17:57:28.4734||||Microsoft.Hosting.Lifetime|INFO|Content root path: C:\Users\smskm\source\repos\ToDoListApplication 
2024-08-04 17:57:32.3756|Default|00-413e33df0b3b6e699d141c679fe5d721-da1c880e2cefc12d-00|3|Microsoft.WebTools.BrowserLink.Net.BrowserLinkMiddleware|WARN|Unable to configure Browser Link script injection on the response.  
2024-08-04 17:57:32.3756|Default|00-413e33df0b3b6e699d141c679fe5d721-da1c880e2cefc12d-00|3|Microsoft.AspNetCore.Watch.BrowserRefresh.BrowserRefreshMiddleware|WARN|Unable to configure browser refresh script injection on the response. Consider manually adding '<script src="/_framework/aspnetcore-browser-refresh.js"></script>' to the body of the page. 
2024-08-04 17:59:56.7867||||Microsoft.Hosting.Lifetime|INFO|Application started. Press Ctrl+C to shut down. 
2024-08-04 17:59:56.8152||||Microsoft.Hosting.Lifetime|INFO|Hosting environment: Development 
2024-08-04 17:59:56.8152||||Microsoft.Hosting.Lifetime|INFO|Content root path: C:\Users\smskm\source\repos\ToDoListApplication 
2024-08-04 17:59:58.3824|Default|00-ac36e713bceea733e01da7924b818d35-f881a45827367d61-00|3|Microsoft.WebTools.BrowserLink.Net.BrowserLinkMiddleware|WARN|Unable to configure Browser Link script injection on the response.  
2024-08-04 17:59:58.3967|Default|00-ac36e713bceea733e01da7924b818d35-f881a45827367d61-00|3|Microsoft.AspNetCore.Watch.BrowserRefresh.BrowserRefreshMiddleware|WARN|Unable to configure browser refresh script injection on the response. Consider manually adding '<script src="/_framework/aspnetcore-browser-refresh.js"></script>' to the body of the page. 
2024-08-04 18:00:05.8354|Default|00-dfcf637825086a2bf5db4937323b4e84-55b541ec81e59788-00|1|Microsoft.AspNetCore.Diagnostics.DeveloperExceptionPageMiddleware|ERROR|An unhandled exception has occurred while executing the request. Microsoft.AspNetCore.Routing.Matching.AmbiguousMatchException: The request matched multiple endpoints. Matches: 

OrchardCore.Email.Controllers.AdminController.Index (OrchardCore.Email)
OrchardCore.Cors.Controllers.AdminController.Index (OrchardCore.Cors)
OrchardCore.Apis.GraphQL.Controllers.AdminController.Index (OrchardCore.Apis.GraphQL)
OrchardCore.Queries.Controllers.AdminController.Index (OrchardCore.Queries)
OrchardCore.AuditTrail.Controllers.AdminController.Index (OrchardCore.AuditTrail)
OrchardCore.Admin.Controllers.AdminController.Index (OrchardCore.Admin)
OrchardCore.Roles.Controllers.AdminController.Index (OrchardCore.Roles)
OrchardCore.Tenants.Controllers.AdminController.Index (OrchardCore.Tenants)
OrchardCore.Recipes.Controllers.AdminController.Index (OrchardCore.Recipes)
OrchardCore.Search.Elasticsearch.AdminController.Index (OrchardCore.Search.Elasticsearch)
OrchardCore.Search.Lucene.Controllers.AdminController.Index (OrchardCore.Search.Lucene)
OrchardCore.Themes.Controllers.AdminController.Index (OrchardCore.Themes)
OrchardCore.ContentTypes.Controllers.AdminController.Index (OrchardCore.ContentTypes)
OrchardCore.Settings.Controllers.AdminController.Index (OrchardCore.Settings)
OrchardCore.Placements.Controllers.AdminController.Index (OrchardCore.Placements)
OrchardCore.Shortcodes.Controllers.AdminController.Index (OrchardCore.Shortcodes)
OrchardCore.Layers.Controllers.AdminController.Index (OrchardCore.Layers)
OrchardCore.Users.Controllers.AdminController.Index (OrchardCore.Users)
OrchardCore.Media.Controllers.AdminController.Index (OrchardCore.Media)
   at Microsoft.AspNetCore.Routing.Matching.DefaultEndpointSelector.ReportAmbiguity(Span`1 candidateState)
   at Microsoft.AspNetCore.Routing.Matching.DefaultEndpointSelector.ProcessFinalCandidates(HttpContext httpContext, Span`1 candidateState)
   at Microsoft.AspNetCore.Routing.Matching.DefaultEndpointSelector.Select(HttpContext httpContext, Span`1 candidateState)
   at Microsoft.AspNetCore.Routing.Matching.DfaMatcher.MatchAsync(HttpContext httpContext)
   at Microsoft.AspNetCore.Routing.EndpointRoutingMiddleware.Invoke(HttpContext httpContext)
   at OrchardCore.Diagnostics.DiagnosticsStartupFilter.<>c__DisplayClass3_0.<<Configure>b__1>d.MoveNext()
--- End of stack trace from previous location ---
   at Microsoft.AspNetCore.Diagnostics.StatusCodePagesMiddleware.Invoke(HttpContext context)
   at OrchardCore.Modules.ModularTenantRouterMiddleware.Invoke(HttpContext httpContext)
   at OrchardCore.Modules.ModularTenantContainerMiddleware.<>c__DisplayClass4_0.<<Invoke>b__0>d.MoveNext()
--- End of stack trace from previous location ---
   at OrchardCore.Environment.Shell.Scope.ShellScope.UsingAsync(Func`2 execute, Boolean activateShell)
   at OrchardCore.Environment.Shell.Scope.ShellScope.UsingAsync(Func`2 execute, Boolean activateShell)
   at OrchardCore.Environment.Shell.Scope.ShellScope.UsingAsync(Func`2 execute, Boolean activateShell)
   at OrchardCore.Environment.Shell.Scope.ShellScope.UsingAsync(Func`2 execute, Boolean activateShell)
   at OrchardCore.Environment.Shell.Scope.ShellScope.UsingAsync(Func`2 execute, Boolean activateShell)
   at OrchardCore.Modules.ModularTenantContainerMiddleware.Invoke(HttpContext httpContext)
   at Microsoft.AspNetCore.Authorization.AuthorizationMiddleware.Invoke(HttpContext context)
   at Microsoft.AspNetCore.Authentication.AuthenticationMiddleware.Invoke(HttpContext context)
   at Microsoft.AspNetCore.Diagnostics.DeveloperExceptionPageMiddlewareImpl.Invoke(HttpContext context)    at Microsoft.AspNetCore.Routing.Matching.DefaultEndpointSelector.ReportAmbiguity(Span`1 candidateState)
   at Microsoft.AspNetCore.Routing.Matching.DefaultEndpointSelector.ProcessFinalCandidates(HttpContext httpContext, Span`1 candidateState)
   at Microsoft.AspNetCore.Routing.Matching.DefaultEndpointSelector.Select(HttpContext httpContext, Span`1 candidateState)
   at Microsoft.AspNetCore.Routing.Matching.DfaMatcher.MatchAsync(HttpContext httpContext)
   at Microsoft.AspNetCore.Routing.EndpointRoutingMiddleware.Invoke(HttpContext httpContext)
   at OrchardCore.Diagnostics.DiagnosticsStartupFilter.<>c__DisplayClass3_0.<<Configure>b__1>d.MoveNext()
--- End of stack trace from previous location ---
   at Microsoft.AspNetCore.Diagnostics.StatusCodePagesMiddleware.Invoke(HttpContext context)
   at OrchardCore.Modules.ModularTenantRouterMiddleware.Invoke(HttpContext httpContext)
   at OrchardCore.Modules.ModularTenantContainerMiddleware.<>c__DisplayClass4_0.<<Invoke>b__0>d.MoveNext()
--- End of stack trace from previous location ---
   at OrchardCore.Environment.Shell.Scope.ShellScope.UsingAsync(Func`2 execute, Boolean activateShell)
   at OrchardCore.Environment.Shell.Scope.ShellScope.UsingAsync(Func`2 execute, Boolean activateShell)
   at OrchardCore.Environment.Shell.Scope.ShellScope.UsingAsync(Func`2 execute, Boolean activateShell)
   at OrchardCore.Environment.Shell.Scope.ShellScope.UsingAsync(Func`2 execute, Boolean activateShell)
   at OrchardCore.Environment.Shell.Scope.ShellScope.UsingAsync(Func`2 execute, Boolean activateShell)
   at OrchardCore.Modules.ModularTenantContainerMiddleware.Invoke(HttpContext httpContext)
   at Microsoft.AspNetCore.Authorization.AuthorizationMiddleware.Invoke(HttpContext context)
   at Microsoft.AspNetCore.Authentication.AuthenticationMiddleware.Invoke(HttpContext context)
   at Microsoft.AspNetCore.Diagnostics.DeveloperExceptionPageMiddlewareImpl.Invoke(HttpContext context)
2024-08-04 18:29:16.8598||||Microsoft.Hosting.Lifetime|INFO|Application started. Press Ctrl+C to shut down. 
2024-08-04 18:29:16.9150||||Microsoft.Hosting.Lifetime|INFO|Hosting environment: Development 
2024-08-04 18:29:16.9237||||Microsoft.Hosting.Lifetime|INFO|Content root path: C:\Users\smskm\source\repos\ToDoListApplication 
2024-08-04 18:31:51.5407||||Microsoft.Hosting.Lifetime|INFO|Application started. Press Ctrl+C to shut down. 
2024-08-04 18:31:51.5747||||Microsoft.Hosting.Lifetime|INFO|Hosting environment: Development 
2024-08-04 18:31:51.5800||||Microsoft.Hosting.Lifetime|INFO|Content root path: C:\Users\smskm\source\repos\ToDoListApplication 
2024-08-04 18:31:55.2803|Default|00-3e45b551ba4adbb63c753d21b1083084-88375deb62659b27-00|3|Microsoft.WebTools.BrowserLink.Net.BrowserLinkMiddleware|WARN|Unable to configure Browser Link script injection on the response.  
2024-08-04 18:31:55.2903|Default|00-3e45b551ba4adbb63c753d21b1083084-88375deb62659b27-00|3|Microsoft.AspNetCore.Watch.BrowserRefresh.BrowserRefreshMiddleware|WARN|Unable to configure browser refresh script injection on the response. Consider manually adding '<script src="/_framework/aspnetcore-browser-refresh.js"></script>' to the body of the page. 
2024-08-04 18:33:32.6806|Default|00-1fd464d9411cfba1b0360b13bf476c92-31b952e2b9392c6c-00|1|Microsoft.AspNetCore.Diagnostics.DeveloperExceptionPageMiddleware|ERROR|An unhandled exception has occurred while executing the request. Microsoft.AspNetCore.Routing.Matching.AmbiguousMatchException: The request matched multiple endpoints. Matches: 

OrchardCore.Email.Controllers.AdminController.Index (OrchardCore.Email)
OrchardCore.Cors.Controllers.AdminController.Index (OrchardCore.Cors)
OrchardCore.Apis.GraphQL.Controllers.AdminController.Index (OrchardCore.Apis.GraphQL)
OrchardCore.Queries.Controllers.AdminController.Index (OrchardCore.Queries)
OrchardCore.AuditTrail.Controllers.AdminController.Index (OrchardCore.AuditTrail)
OrchardCore.Admin.Controllers.AdminController.Index (OrchardCore.Admin)
OrchardCore.Roles.Controllers.AdminController.Index (OrchardCore.Roles)
OrchardCore.Tenants.Controllers.AdminController.Index (OrchardCore.Tenants)
OrchardCore.Recipes.Controllers.AdminController.Index (OrchardCore.Recipes)
OrchardCore.Search.Elasticsearch.AdminController.Index (OrchardCore.Search.Elasticsearch)
OrchardCore.Search.Lucene.Controllers.AdminController.Index (OrchardCore.Search.Lucene)
OrchardCore.Themes.Controllers.AdminController.Index (OrchardCore.Themes)
OrchardCore.ContentTypes.Controllers.AdminController.Index (OrchardCore.ContentTypes)
OrchardCore.Settings.Controllers.AdminController.Index (OrchardCore.Settings)
OrchardCore.Placements.Controllers.AdminController.Index (OrchardCore.Placements)
OrchardCore.Shortcodes.Controllers.AdminController.Index (OrchardCore.Shortcodes)
OrchardCore.Layers.Controllers.AdminController.Index (OrchardCore.Layers)
OrchardCore.Users.Controllers.AdminController.Index (OrchardCore.Users)
OrchardCore.Media.Controllers.AdminController.Index (OrchardCore.Media)
   at Microsoft.AspNetCore.Routing.Matching.DefaultEndpointSelector.ReportAmbiguity(Span`1 candidateState)
   at Microsoft.AspNetCore.Routing.Matching.DefaultEndpointSelector.ProcessFinalCandidates(HttpContext httpContext, Span`1 candidateState)
   at Microsoft.AspNetCore.Routing.Matching.DefaultEndpointSelector.Select(HttpContext httpContext, Span`1 candidateState)
   at Microsoft.AspNetCore.Routing.Matching.DfaMatcher.MatchAsync(HttpContext httpContext)
   at Microsoft.AspNetCore.Routing.EndpointRoutingMiddleware.Invoke(HttpContext httpContext)
   at OrchardCore.Diagnostics.DiagnosticsStartupFilter.<>c__DisplayClass3_0.<<Configure>b__1>d.MoveNext()
--- End of stack trace from previous location ---
   at Microsoft.AspNetCore.Diagnostics.StatusCodePagesMiddleware.Invoke(HttpContext context)
   at OrchardCore.Modules.ModularTenantRouterMiddleware.Invoke(HttpContext httpContext)
   at OrchardCore.Modules.ModularTenantContainerMiddleware.<>c__DisplayClass4_0.<<Invoke>b__0>d.MoveNext()
--- End of stack trace from previous location ---
   at OrchardCore.Environment.Shell.Scope.ShellScope.UsingAsync(Func`2 execute, Boolean activateShell)
   at OrchardCore.Environment.Shell.Scope.ShellScope.UsingAsync(Func`2 execute, Boolean activateShell)
   at OrchardCore.Environment.Shell.Scope.ShellScope.UsingAsync(Func`2 execute, Boolean activateShell)
   at OrchardCore.Environment.Shell.Scope.ShellScope.UsingAsync(Func`2 execute, Boolean activateShell)
   at OrchardCore.Environment.Shell.Scope.ShellScope.UsingAsync(Func`2 execute, Boolean activateShell)
   at OrchardCore.Modules.ModularTenantContainerMiddleware.Invoke(HttpContext httpContext)
   at Microsoft.AspNetCore.Authorization.AuthorizationMiddleware.Invoke(HttpContext context)
   at Microsoft.AspNetCore.Authentication.AuthenticationMiddleware.Invoke(HttpContext context)
   at Microsoft.AspNetCore.Diagnostics.DeveloperExceptionPageMiddlewareImpl.Invoke(HttpContext context)    at Microsoft.AspNetCore.Routing.Matching.DefaultEndpointSelector.ReportAmbiguity(Span`1 candidateState)
   at Microsoft.AspNetCore.Routing.Matching.DefaultEndpointSelector.ProcessFinalCandidates(HttpContext httpContext, Span`1 candidateState)
   at Microsoft.AspNetCore.Routing.Matching.DefaultEndpointSelector.Select(HttpContext httpContext, Span`1 candidateState)
   at Microsoft.AspNetCore.Routing.Matching.DfaMatcher.MatchAsync(HttpContext httpContext)
   at Microsoft.AspNetCore.Routing.EndpointRoutingMiddleware.Invoke(HttpContext httpContext)
   at OrchardCore.Diagnostics.DiagnosticsStartupFilter.<>c__DisplayClass3_0.<<Configure>b__1>d.MoveNext()
--- End of stack trace from previous location ---
   at Microsoft.AspNetCore.Diagnostics.StatusCodePagesMiddleware.Invoke(HttpContext context)
   at OrchardCore.Modules.ModularTenantRouterMiddleware.Invoke(HttpContext httpContext)
   at OrchardCore.Modules.ModularTenantContainerMiddleware.<>c__DisplayClass4_0.<<Invoke>b__0>d.MoveNext()
--- End of stack trace from previous location ---
   at OrchardCore.Environment.Shell.Scope.ShellScope.UsingAsync(Func`2 execute, Boolean activateShell)
   at OrchardCore.Environment.Shell.Scope.ShellScope.UsingAsync(Func`2 execute, Boolean activateShell)
   at OrchardCore.Environment.Shell.Scope.ShellScope.UsingAsync(Func`2 execute, Boolean activateShell)
   at OrchardCore.Environment.Shell.Scope.ShellScope.UsingAsync(Func`2 execute, Boolean activateShell)
   at OrchardCore.Environment.Shell.Scope.ShellScope.UsingAsync(Func`2 execute, Boolean activateShell)
   at OrchardCore.Modules.ModularTenantContainerMiddleware.Invoke(HttpContext httpContext)
   at Microsoft.AspNetCore.Authorization.AuthorizationMiddleware.Invoke(HttpContext context)
   at Microsoft.AspNetCore.Authentication.AuthenticationMiddleware.Invoke(HttpContext context)
   at Microsoft.AspNetCore.Diagnostics.DeveloperExceptionPageMiddlewareImpl.Invoke(HttpContext context)
2024-08-04 18:36:51.3655||||Microsoft.Hosting.Lifetime|INFO|Application started. Press Ctrl+C to shut down. 
2024-08-04 18:36:51.3939||||Microsoft.Hosting.Lifetime|INFO|Hosting environment: Development 
2024-08-04 18:36:51.3939||||Microsoft.Hosting.Lifetime|INFO|Content root path: C:\Users\smskm\source\repos\ToDoListApplication 
2024-08-04 18:36:52.6852|Default|00-045df6b5ef779a7a580e43ee904ea02e-8a6faf1f92bab1a7-00|3|Microsoft.WebTools.BrowserLink.Net.BrowserLinkMiddleware|WARN|Unable to configure Browser Link script injection on the response.  
2024-08-04 18:36:52.6943|Default|00-045df6b5ef779a7a580e43ee904ea02e-8a6faf1f92bab1a7-00|3|Microsoft.AspNetCore.Watch.BrowserRefresh.BrowserRefreshMiddleware|WARN|Unable to configure browser refresh script injection on the response. Consider manually adding '<script src="/_framework/aspnetcore-browser-refresh.js"></script>' to the body of the page. 
